warning: No library characterized for (process = 1.00 voltage = 0.85 temperature = 25.00) can be found in the database for power domain '/PD_TOP'  [NL-174]
Report Power (instances with prefix '*' are included in total) : 
-----+----------+--------------------+---------------------+-------------------+-----------------
     | Instance | Internal Power(uw) | Switching Power(uw) | Leakage Power(uw) | Total Power(uw) 
-----+----------+--------------------+---------------------+-------------------+-----------------
1    |*i_0_0    |         2180.726074|          3891.749512|          59.835739|      6132.311523
2    |*i_0_5    |           50.694271|           181.070038|           1.383218|       233.147522
3    |*i_0_1_0  |            2.967341|             2.082448|           0.061230|         5.111019
4    |*i_0_1_1  |            2.967341|             2.082448|           0.061230|         5.111019
5    |*i_0_1_2  |            2.967341|             2.082448|           0.061230|         5.111019
6    |*i_0_1_3  |            2.967341|             2.082448|           0.061230|         5.111019
7    |*i_0_1_4  |            2.967341|             2.082448|           0.061230|         5.111019
8    |*i_0_1_5  |            2.967341|             2.082448|           0.061230|         5.111019
9    |*i_0_1_6  |            2.746558|             8.487639|           0.061230|        11.295427
10   |*i_0_1_7  |            3.739503|             8.737410|           0.075762|        12.552676
11   |*i_0_1_8  |            3.595035|             8.690132|           0.075762|        12.360929
12   |*i_0_1_9  |            3.446008|             8.613841|           0.075762|        12.135611
13   |*i_0_1_10 |            3.346805|             8.562533|           0.075762|        11.985100
14   |*i_0_1_11 |            3.291017|             8.533587|           0.075762|        11.900366
15   |*i_0_1_12 |            3.261575|             8.518292|           0.075762|        11.855630
16   |*i_0_1_13 |            3.273158|             9.472200|           0.075762|        12.821120
17   |*i_0_1_14 |            1.742133|             1.147503|           0.036441|         2.926076
18   |*i_0_1_15 |            1.681496|             1.131346|           0.036441|         2.849283
19   |*i_0_1_16 |            0.925498|             0.803498|           0.022695|         1.751692
20   |*i_0_1_17 |            1.021465|             4.201942|           0.022619|         5.246027
21   |*i_0_1_21 |            1.021466|             4.200571|           0.022619|         5.244657
22   |*i_0_1_22 |            1.021466|             4.200742|           0.022619|         5.244827
23   |*i_0_1_23 |            1.021461|             4.205453|           0.022619|         5.249534
24   |*i_0_1_24 |            1.021462|             4.204170|           0.022619|         5.248252
25   |*i_0_1_25 |            1.021460|             4.206824|           0.022619|         5.250904
26   |*i_0_1_26 |            1.021461|             4.205453|           0.022619|         5.249534
27   |*i_0_1_27 |            1.021460|             4.206824|           0.022619|         5.250904
28   |*i_0_1_28 |            1.021460|             4.206740|           0.022619|         5.250820
29   |*i_0_1_29 |            1.021461|             4.205369|           0.022619|         5.249450
30   |*i_0_1_30 |            1.021461|             4.205541|           0.022619|         5.249621
31   |*i_0_1_31 |            1.021456|             4.210252|           0.022619|         5.254328
32   |*i_0_1_32 |            1.021457|             4.208968|           0.022619|         5.253045
33   |*i_0_1_33 |            1.021454|             4.211623|           0.022619|         5.255697
34   |*i_0_1_34 |            1.021456|             4.210252|           0.022619|         5.254328
35   |*i_0_1_35 |            1.021454|             4.211623|           0.022619|         5.255697
36   |*i_0_1_36 |            1.021455|             4.211539|           0.022619|         5.255613
37   |*i_0_1_37 |            1.021456|             4.210168|           0.022619|         5.254244
38   |*i_0_1_38 |            1.021456|             4.210339|           0.022619|         5.254415
39   |*i_0_1_39 |            1.021451|             4.215051|           0.022619|         5.259120
40   |*i_0_1_40 |            1.021449|             4.213765|           0.022619|         5.257833
41   |*i_0_1_41 |            1.021447|             4.216421|           0.022619|         5.260487
42   |*i_0_1_42 |            1.021171|             4.213584|           0.022619|         5.257374
43   |*i_0_1_18 |            0.054684|             0.916912|           0.041741|         1.013337
44   |*i_0_1_19 |            0.000000|             0.000000|           0.021200|         0.021200
45   |*i_0_1_20 |            1.030282|             4.216166|           0.022619|         5.269067
46   |*i_0_1_47 |            1.030282|             4.216081|           0.022619|         5.268983
47   |*i_0_1_48 |            1.030284|             4.214710|           0.022619|         5.267613
48   |*i_0_1_49 |            1.030283|             4.214881|           0.022619|         5.267785
49   |*i_0_1_50 |            1.030278|             4.219593|           0.022619|         5.272491
50   |*i_0_1_51 |            1.030280|             4.218309|           0.022619|         5.271208
51   |*i_0_1_52 |            1.030277|             4.220963|           0.022619|         5.273860
52   |*i_0_1_53 |            1.030278|             4.219593|           0.022619|         5.272491
53   |*i_0_1_83 |            1.699280|             4.221220|           0.036164|         5.956664
54   |*i_0_1_94 |            1.627604|             1.138768|           0.035928|         2.802301
55   |*i_0_1_95 |            1.621868|             1.059535|           0.035928|         2.717331
56   |*i_0_1_96 |            1.621868|             1.059535|           0.035928|         2.717331
57   |*i_0_1_97 |            1.621868|             1.059535|           0.035928|         2.717331
58   |*i_0_1_98 |            1.621868|             1.059535|           0.035928|         2.717331
59   |*i_0_1_99 |            1.621868|             1.059535|           0.035928|         2.717331
60   |*i_0_1_100|            1.621868|             1.059535|           0.035928|         2.717331
61   |*i_0_1_101|            1.621868|             1.059535|           0.035928|         2.717331
62   |*i_0_1_102|            1.621868|             1.059535|           0.035928|         2.717331
63   |*i_0_1_103|            1.621868|             1.059535|           0.035928|         2.717331
64   |*i_0_1_104|            1.621868|             1.059535|           0.035928|         2.717331
65   |*i_0_1_105|            1.621868|             1.059535|           0.035928|         2.717331
66   |*i_0_1_106|            1.621868|             1.059535|           0.035928|         2.717331
67   |*i_0_1_107|            1.621868|             1.059535|           0.035928|         2.717331
68   |*i_0_1_108|            1.621868|             1.059535|           0.035928|         2.717331
69   |*i_0_1_109|            1.621868|             1.059535|           0.035928|         2.717331
70   |*i_0_1_110|            1.621868|             1.059535|           0.035928|         2.717331
71   |*i_0_1_111|            1.621868|             1.059535|           0.035928|         2.717331
72   |*i_0_1_112|            1.621868|             1.059535|           0.035928|         2.717331
73   |*i_0_1_113|            1.621868|             1.059535|           0.035928|         2.717331
74   |*i_0_1_114|            1.621821|             1.059534|           0.035928|         2.717284
75   |*i_0_1_115|            1.621915|             1.059535|           0.035928|         2.717378
76   |*i_0_1_116|            1.624906|             1.080148|           0.035928|         2.740983
77   |*i_0_1_117|            0.727648|             1.307088|           0.014353|         2.049090
78   |*i_0_1_118|            0.727648|             1.307088|           0.014353|         2.049090
79   |*i_0_1_119|            0.727648|             1.307088|           0.014353|         2.049090
80   |*i_0_1_120|            0.727648|             1.307088|           0.014353|         2.049090
81   |*i_0_1_121|            0.727648|             1.307088|           0.014353|         2.049090
82   |*i_0_1_122|            0.727648|             1.307088|           0.014353|         2.049090
83   |*i_0_1_123|            0.727648|             1.307088|           0.014353|         2.049090
84   |*i_0_1_43 |            1.349178|             1.307089|           0.014353|         2.670620
85   |*i_0_1_44 |            1.349178|             1.307089|           0.014353|         2.670620
86   |*i_0_1_126|            1.349178|             1.307089|           0.014353|         2.670620
87   |*i_0_1_127|            1.349178|             1.307089|           0.014353|         2.670620
88   |*i_0_1_128|            1.349178|             1.307089|           0.014353|         2.670620
89   |*i_0_1_129|            1.349178|             1.307089|           0.014353|         2.670620
90   |*i_0_1_130|            1.349178|             1.307089|           0.014353|         2.670620
91   |*i_0_1_131|            1.349178|             1.307089|           0.014353|         2.670620
92   |*i_0_1_132|            1.349178|             1.307089|           0.014353|         2.670620
93   |*i_0_1_133|            1.349178|             1.307089|           0.014353|         2.670620
94   |*i_0_1_134|            1.349178|             1.307089|           0.014353|         2.670620
95   |*i_0_1_135|            1.349178|             1.307089|           0.014353|         2.670620
96   |*i_0_1_136|            1.349178|             1.307089|           0.014353|         2.670620
97   |*i_0_1_137|            1.349178|             1.307089|           0.014353|         2.670620
98   |*i_0_1_138|            1.349178|             1.307089|           0.014353|         2.670620
99   |*i_0_1_139|            1.349178|             1.307089|           0.014353|         2.670620
100  |*i_0_1_140|            1.349178|             1.307089|           0.014353|         2.670620
101  |*i_0_1_141|            1.349178|             1.307089|           0.014353|         2.670620
102  |*i_0_1_142|            1.349178|             1.307089|           0.014353|         2.670620
103  |*i_0_1_143|            1.349178|             1.307089|           0.014353|         2.670620
104  |*i_0_1_144|            1.349178|             1.307089|           0.014353|         2.670620
105  |*i_0_1_145|            1.349178|             1.307088|           0.014353|         2.670619
106  |*i_0_1_146|            1.349178|             1.307088|           0.014353|         2.670620
107  |*i_0_1_147|            0.823833|             1.306616|           0.014353|         2.144803
108  |*i_0_1_45 |            1.128812|             4.064243|           0.034566|         5.227621
109  |*i_0_1_46 |            0.677591|             0.800288|           0.021200|         1.499078
110  |*i_0_1_54 |            0.763192|             1.663697|           0.021200|         2.448089
111  |*i_0_1_55 |            0.020141|             0.958767|           0.017393|         0.996301
112  |*i_0_1_56 |            0.000000|             0.000000|           0.014353|         0.014353
113  |*i_0_1_57 |            0.000000|             0.000000|           0.048314|         0.048314
114  |*i_0_1_58 |            0.403612|             0.141457|           0.026733|         0.571803
115  |*i_0_1_59 |            0.403557|             0.144242|           0.026733|         0.574532
116  |*i_0_1_60 |            0.403604|             0.141844|           0.026733|         0.572182
117  |*i_0_1_61 |            0.403516|             0.146269|           0.026733|         0.576519
118  |*i_0_1_62 |            0.000000|             0.000001|           0.018105|         0.018106
119  |*i_0_1_63 |            0.000196|             0.000175|           0.027025|         0.027396
120  |*i_0_1_64 |            0.317278|             0.193153|           0.032601|         0.543033
121  |*i_0_1_65 |            0.512994|             0.337500|           0.026832|         0.877326
122  |*i_0_1_66 |            0.317834|             0.173732|           0.032601|         0.524168
123  |*i_0_1_67 |            0.318130|             0.163392|           0.032601|         0.514124
124  |*i_0_1_68 |            0.314239|             0.327209|           0.032601|         0.674049
125  |*i_0_1_69 |            0.314711|             0.302611|           0.032601|         0.649923
126  |*i_0_1_70 |            0.000000|             0.000001|           0.018105|         0.018106
127  |*i_0_1_71 |            0.000196|             0.000175|           0.027025|         0.027396
128  |*i_0_1_72 |            0.317278|             0.193153|           0.032601|         0.543033
129  |*i_0_1_73 |            0.512994|             0.337500|           0.026832|         0.877326
130  |*i_0_1_74 |            0.317834|             0.173732|           0.032601|         0.524168
131  |*i_0_1_75 |            0.318130|             0.163392|           0.032601|         0.514124
132  |*i_0_1_76 |            0.314239|             0.327209|           0.032601|         0.674049
133  |*i_0_1_77 |            0.314711|             0.302611|           0.032601|         0.649923
134  |*i_0_1_78 |            0.020813|             0.398297|           0.021200|         0.440310
135  |*i_0_1_79 |            0.010638|             0.033819|           0.021200|         0.065656
136  |*i_0_1_80 |            0.339550|             0.318294|           0.018127|         0.675970
137  |*i_0_1_81 |            0.339357|             0.323711|           0.018127|         0.681195
138  |*i_0_1_82 |            0.010639|             0.034211|           0.021200|         0.066049
139  |*i_0_1_84 |            0.339550|             0.318294|           0.018127|         0.675970
140  |*i_0_1_85 |            0.339357|             0.323711|           0.018127|         0.681195
141  |*i_0_1_86 |            0.473296|             1.033818|           0.014353|         1.521467
142  |*i_0_1_87 |            1.266146|             7.684456|           0.043178|         8.993780
143  |*i_0_1_88 |            0.000285|             0.000191|           0.018127|         0.018603
144  |*i_0_1_89 |            0.272757|             0.313024|           0.032601|         0.618383
145  |*i_0_1_90 |            0.612482|             0.879639|           0.026832|         1.518953
146  |*i_0_1_91 |            0.262316|             0.288344|           0.032601|         0.583262
147  |*i_0_1_92 |            0.262197|             0.280707|           0.032601|         0.575505
148  |*i_0_1_93 |            0.012227|             0.013289|           0.017393|         0.042909
149  |*i_0_1_124|            0.263308|             0.301680|           0.032601|         0.597589
150  |*i_0_1_125|            0.262358|             0.290618|           0.032601|         0.585578
151  |*i_0_1_148|            0.460315|             0.801908|           0.014353|         1.276577
152  |          |                    |                     |                   |                 
153  |*TOTAL    |         2401.961914|          4383.363770|          65.512276|      6850.837891
-----+----------+--------------------+---------------------+-------------------+-----------------
