Report End Points: 
-----+-------+------+-------+------+------+-----+------+-----------------+--------------------
     |Group  |Launch|Capture|Shift |Delay |Depth|Slack |Begin Point      |End Point           
-----+-------+------+-------+------+------+-----+------+-----------------+--------------------
1    |default|sysclk|sysclk |4000.0|2733.7|   55|1118.0|regA/out_reg[4]/Q|outReg/out_reg[21]/D
2    |default|sysclk|sysclk |4000.0|2714.9|   56|1136.8|regA/out_reg[4]/Q|outReg/out_reg[22]/D
3    |default|sysclk|sysclk |4000.0|2695.9|   54|1155.8|regA/out_reg[4]/Q|outReg/out_reg[20]/D
-----+-------+------+-------+------+------+-----+------+-----------------+--------------------
Report End Points: 
-----+-----+------+-------+------+-----+-----+------+-----------+-------------------------
     |Group|Launch|Capture|Shift |Delay|Depth|Slack |Begin Point|End Point                
-----+-----+------+-------+------+-----+-----+------+-----------+-------------------------
1    |I2R  |sysclk|sysclk |4000.0| 28.1|    1|3686.8|en         |regA/clk_gate_out_reg/E  
2    |I2R  |sysclk|sysclk |4000.0| 28.1|    1|3686.8|en         |regB/clk_gate_out_reg/E  
3    |I2R  |sysclk|sysclk |4000.0| 28.1|    1|3686.8|en         |outReg/clk_gate_out_reg/E
-----+-----+------+-------+------+-----+-----+------+-----------+-------------------------
Report End Points: 
-----+-----+------+-------+-----+-----+-----+-----+-----------+---------
     |Group|Launch|Capture|Shift|Delay|Depth|Slack|Begin Point|End Point
-----+-----+------+-------+-----+-----+-----+-----+-----------+---------
1    |I2O  |      |       |     |     |     |     |           |         
-----+-----+------+-------+-----+-----+-----+-----+-----------+---------
Report End Points: 
-----+-----+------+-------+------+------+-----+------+--------------------+----------
     |Group|Launch|Capture|Shift |Delay |Depth|Slack |Begin Point         |End Point 
-----+-----+------+-------+------+------+-----+------+--------------------+----------
1    |R2O  |sysclk|sysclk |4000.0|2262.8|   38|1119.7|regA/out_reg[4]/Q   |OF        
2    |R2O  |sysclk|sysclk |4000.0|   0.7|    0|3402.2|outReg/out_reg[30]/Q|result[30]
3    |R2O  |sysclk|sysclk |4000.0|   0.7|    0|3402.2|outReg/out_reg[29]/Q|result[29]
-----+-----+------+-------+------+------+-----+------+--------------------+----------
