Report for group default
------------------------------------------------------------------------------------------------------------------------------------------------------------
Startpoint: regA/out_reg[4]/Q
    (Clocked by sysclk R)
Endpoint: outReg/out_reg[21]/D
    (Clocked by sysclk R)
Path Group: default
Data required time: 3969.2
    (Clock shift: 4000.0, minus Uncertainty: 0.0, plus Latency 0.0, minus Setup time: 30.8)
Data arrival time: 2851.2
Slack: 1118.0
Logic depth: 55
------------------------------------------------------------------------------------------------------------------------------------------------------------
                                                     Arrival               Arc      Net               Net    Total   fan-                                   
Path                     Module/Cell           Edge     Time    Delay    Delay    Delay     Slew     Load     Load    out     Location Power Domain      (V)
                                                        (ps)     (ps)     (ps)     (ps)     (ps)     (ff)     (ff)    (#)      (um,um)                      
------------------------------------------------------------------------------------------------------------------------------------------------------------
clk                      {create_clock}           r      0.0      0.0      0.0                        0.0      0.0      3    68,  138                       
regA/clk_gate_out_reg/CK->GCK
                         CLKGATETST_X1           rr      0.0      0.0      0.0      0.0      0.0      0.0      0.0     32    69,   69  /PD_TOP        (1.10)
regA/out_reg[4]/CK->Q    DFF_X1*                 rf    117.5    117.5    117.5      0.0      0.0      1.0     34.1      3    69,   69  /PD_TOP        (1.10)
FloatingPointMultiplier_dut/i_0/i_1340/A->ZN
                         INV_X32                 fr    140.0     22.5     22.5      0.0     15.3      6.0    101.9     23    69,   69  /PD_TOP        (1.10)
FloatingPointMultiplier_dut/i_0/i_685/A2->ZN
                         NOR2_X4                 rf    150.5     10.5     10.3      0.2     12.2      0.3      3.8      1    69,   69  /PD_TOP        (1.10)
FloatingPointMultiplier_dut/i_0/i_154/B->CO
                         FA_X1                   ff    229.7     79.2     79.2      0.0      5.5      0.4      3.8      1    69,   69  /PD_TOP        (1.10)
FloatingPointMultiplier_dut/i_0/i_179/B->CO
                         FA_X1                   ff    311.5     81.8     81.8      0.0     16.2      0.4      3.1      1    69,   69  /PD_TOP        (1.10)
FloatingPointMultiplier_dut/i_0/i_199/CI->S
                         FA_X1                   ff    402.7     91.2     91.2      0.0     15.1      0.4      3.1      1    69,   69  /PD_TOP        (1.10)
FloatingPointMultiplier_dut/i_0/i_202/CI->CO
                         FA_X1                   ff    475.8     73.1     73.1      0.0     16.5      0.4      3.1      1    69,   69  /PD_TOP        (1.10)
FloatingPointMultiplier_dut/i_0/i_225/CI->CO
                         FA_X1                   ff    548.3     72.5     72.5      0.0     15.1      0.4      3.1      1    69,   69  /PD_TOP        (1.10)
FloatingPointMultiplier_dut/i_0/i_248/CI->CO
                         FA_X1                   ff    620.8     72.5     72.5      0.0     15.1      0.4      3.1      1    69,   69  /PD_TOP        (1.10)
FloatingPointMultiplier_dut/i_0/i_271/CI->CO
                         FA_X1                   ff    693.3     72.5     72.5      0.0     15.1      0.4      3.1      1    69,   69  /PD_TOP        (1.10)
FloatingPointMultiplier_dut/i_0/i_293/CI->CO
                         FA_X1                   ff    765.8     72.5     72.5      0.0     15.1      0.4      3.1      1    69,   69  /PD_TOP        (1.10)
FloatingPointMultiplier_dut/i_0/i_314/CI->S
                         FA_X1                   fr    881.4    115.6    115.6      0.0     15.1      0.4      3.1      1    69,   69  /PD_TOP        (1.10)
FloatingPointMultiplier_dut/i_0/i_315/CI->S
                         FA_X1                   rf    986.4    105.0    105.0      0.0     14.2      0.6      8.7      2    69,   69  /PD_TOP        (1.10)
FloatingPointMultiplier_dut/i_0/i_1260/A2->ZN
                         NOR2_X4*                fr   1051.1     64.7     64.7      0.0     22.6      0.5     30.2      2    69,   69  /PD_TOP        (1.10)
FloatingPointMultiplier_dut/i_0/i_1259/A->ZN
                         INV_X8                  rf   1059.4      8.3      8.3      0.0     15.3      0.6      8.9      2    69,   69  /PD_TOP        (1.10)
FloatingPointMultiplier_dut/i_0/i_1256/A3->ZN
                         NAND3_X4                fr   1078.7     19.3     19.3      0.0      4.0      0.6      6.7      2    69,   69  /PD_TOP        (1.10)
FloatingPointMultiplier_dut/i_0/i_1217/A->ZN
                         AOI21_X2                rf   1092.1     13.4     13.4      0.0     13.5      0.4      3.0      1    69,   69  /PD_TOP        (1.10)
FloatingPointMultiplier_dut/i_0/i_1215/A->ZN
                         AOI221_X2               fr   1180.9     88.8     88.8      0.0      7.2      0.8      7.1      2    69,   69  /PD_TOP        (1.10)
FloatingPointMultiplier_dut/i_0/i_1214/B2->ZN
                         OAI221_X2               rf   1224.9     44.0     44.0      0.0     58.1      0.4      4.3      1    69,   69  /PD_TOP        (1.10)
FloatingPointMultiplier_dut/i_0/i_1213/A2->ZN
                         NOR3_X4                 fr   1291.0     66.1     66.1      0.0     19.2      0.9     12.1      3    69,   69  /PD_TOP        (1.10)
FloatingPointMultiplier_dut/i_0/i_1207/A3->ZN
                         NOR3_X4                 rf   1308.3     17.3     17.3      0.0     41.6      0.3      4.2      1    69,   69  /PD_TOP        (1.10)
FloatingPointMultiplier_dut/i_0/i_1199/A4->ZN
                         NOR4_X4                 fr   1409.9    101.6    101.6      0.0      6.6      1.0     12.1      3    69,   69  /PD_TOP        (1.10)
FloatingPointMultiplier_dut/i_0/i_1193/A3->ZN
                         NOR3_X4                 rf   1427.7     17.8     17.8      0.0     61.7      0.3      4.2      1    69,   69  /PD_TOP        (1.10)
FloatingPointMultiplier_dut/i_0/i_1185/A4->ZN
                         NOR4_X4                 fr   1529.3    101.6    101.6      0.0      6.6      1.0     12.1      3    69,   69  /PD_TOP        (1.10)
FloatingPointMultiplier_dut/i_0/i_1178/A3->ZN
                         NOR3_X4                 rf   1547.1     17.8     17.8      0.0     61.7      0.3      4.2      1    69,   69  /PD_TOP        (1.10)
FloatingPointMultiplier_dut/i_0/i_1169/A4->ZN
                         NOR4_X4                 fr   1636.9     89.8     89.8      0.0      6.6      0.6      7.8      2    69,   69  /PD_TOP        (1.10)
FloatingPointMultiplier_dut/i_0/i_1168/B2->ZN
                         OAI21_X4                rf   1664.0     27.1     27.1      0.0     51.2      0.6      6.5      2    69,   69  /PD_TOP        (1.10)
FloatingPointMultiplier_dut/i_0/i_1167/A2->ZN
                         OR2_X4*                 ff   1745.9     81.9     81.9      0.0     10.3      8.5     94.5     27    69,   69  /PD_TOP        (1.10)
FloatingPointMultiplier_dut/i_1_148/A->ZN
                         INV_X8                  fr   1758.0     12.1     11.8      0.3     15.3      0.3      2.7      1    69,   69  /PD_TOP        (1.10)
FloatingPointMultiplier_dut/i_1_87/A1->ZN
                         OAI222_X4               rf   1828.5     70.5     70.5      0.0      4.9      0.3     25.8      1    69,   69  /PD_TOP        (1.10)
FloatingPointMultiplier_dut/i_1_86/A->ZN
                         INV_X8                  fr   1839.0     10.5     10.5      0.0     10.7      0.3      3.5      1    69,   69  /PD_TOP        (1.10)
FloatingPointMultiplier_dut/i_5/i_0/A->CO
                         HA_X1                   rr   1872.9     33.9     33.9      0.0      5.1      0.3      3.8      1    69,   69  /PD_TOP        (1.10)
FloatingPointMultiplier_dut/i_5/i_1/B->CO
                         HA_X1                   rr   1910.7     37.8     37.8      0.0     12.7      0.3      3.8      1    69,   69  /PD_TOP        (1.10)
FloatingPointMultiplier_dut/i_5/i_2/B->CO
                         HA_X1                   rr   1948.5     37.8     37.8      0.0     12.7      0.3      3.8      1    69,   69  /PD_TOP        (1.10)
FloatingPointMultiplier_dut/i_5/i_3/B->CO
                         HA_X1                   rr   1986.3     37.8     37.8      0.0     12.7      0.3      3.8      1    69,   69  /PD_TOP        (1.10)
FloatingPointMultiplier_dut/i_5/i_4/B->CO
                         HA_X1                   rr   2024.1     37.8     37.8      0.0     12.7      0.3      3.8      1    69,   69  /PD_TOP        (1.10)
FloatingPointMultiplier_dut/i_5/i_5/B->CO
                         HA_X1                   rr   2061.9     37.8     37.8      0.0     12.7      0.3      3.8      1    69,   69  /PD_TOP        (1.10)
FloatingPointMultiplier_dut/i_5/i_6/B->CO
                         HA_X1                   rr   2099.7     37.8     37.8      0.0     12.7      0.3      3.8      1    69,   69  /PD_TOP        (1.10)
FloatingPointMultiplier_dut/i_5/i_7/B->CO
                         HA_X1                   rr   2137.5     37.8     37.8      0.0     12.7      0.3      3.8      1    69,   69  /PD_TOP        (1.10)
FloatingPointMultiplier_dut/i_5/i_8/B->CO
                         HA_X1                   rr   2175.3     37.8     37.8      0.0     12.7      0.3      3.8      1    69,   69  /PD_TOP        (1.10)
FloatingPointMultiplier_dut/i_5/i_9/B->CO
                         HA_X1                   rr   2213.1     37.8     37.8      0.0     12.7      0.3      3.8      1    69,   69  /PD_TOP        (1.10)
FloatingPointMultiplier_dut/i_5/i_10/B->CO
                         HA_X1                   rr   2250.9     37.8     37.8      0.0     12.7      0.3      3.8      1    69,   69  /PD_TOP        (1.10)
FloatingPointMultiplier_dut/i_5/i_11/B->CO
                         HA_X1                   rr   2288.7     37.8     37.8      0.0     12.7      0.3      3.8      1    69,   69  /PD_TOP        (1.10)
FloatingPointMultiplier_dut/i_5/i_12/B->CO
                         HA_X1                   rr   2326.5     37.8     37.8      0.0     12.7      0.3      3.8      1    69,   69  /PD_TOP        (1.10)
FloatingPointMultiplier_dut/i_5/i_13/B->CO
                         HA_X1                   rr   2364.3     37.8     37.8      0.0     12.7      0.3      3.8      1    69,   69  /PD_TOP        (1.10)
FloatingPointMultiplier_dut/i_5/i_14/B->CO
                         HA_X1                   rr   2402.1     37.8     37.8      0.0     12.7      0.3      3.8      1    69,   69  /PD_TOP        (1.10)
FloatingPointMultiplier_dut/i_5/i_15/B->CO
                         HA_X1                   rr   2439.9     37.8     37.8      0.0     12.7      0.3      3.8      1    69,   69  /PD_TOP        (1.10)
FloatingPointMultiplier_dut/i_5/i_16/B->CO
                         HA_X1                   rr   2477.7     37.8     37.8      0.0     12.7      0.3      3.8      1    69,   69  /PD_TOP        (1.10)
FloatingPointMultiplier_dut/i_5/i_17/B->CO
                         HA_X1                   rr   2515.5     37.8     37.8      0.0     12.7      0.3      3.8      1    69,   69  /PD_TOP        (1.10)
FloatingPointMultiplier_dut/i_5/i_18/B->CO
                         HA_X1                   rr   2553.3     37.8     37.8      0.0     12.7      0.3      3.8      1    69,   69  /PD_TOP        (1.10)
FloatingPointMultiplier_dut/i_5/i_19/B->CO
                         HA_X1                   rr   2591.1     37.8     37.8      0.0     12.7      0.3      3.8      1    69,   69  /PD_TOP        (1.10)
FloatingPointMultiplier_dut/i_5/i_20/B->CO
                         HA_X1                   rr   2628.9     37.8     37.8      0.0     12.7      0.3      3.8      1    69,   69  /PD_TOP        (1.10)
FloatingPointMultiplier_dut/i_5/i_21/B->S
                         HA_X1                   rr   2795.9    167.0    167.0      0.0     12.7      0.3     25.7      1    69,   69  /PD_TOP        (1.10)
FloatingPointMultiplier_dut/i_1_146/A->ZN
                         INV_X8                  rf   2795.4     -0.5     -0.5      0.0    133.3      0.3      4.3      1    69,   69  /PD_TOP        (1.10)
FloatingPointMultiplier_dut/i_1_41/B2->ZN
                         OAI21_X2                fr   2822.5     27.1     27.1      0.0      3.5      0.3      2.5      1    69,   69  /PD_TOP        (1.10)
outReg/i_0_23/A2->ZN     AND2_X4                 rr   2851.2     28.7     28.7      0.0     16.4      0.3      1.4      1    69,   69  /PD_TOP        (1.10)
outReg/out_reg[21]/D     DFF_X1                   r   2851.2      0.0               0.0      6.3                             69,   69  /PD_TOP        (1.10)
------------------------------------------------------------------------------------------------------------------------------------------------------------
Report for group I2R
------------------------------------------------------------------------------------------------------------------------------------------------------------
Startpoint: en
    (Clocked by sysclk R)
Endpoint: regA/clk_gate_out_reg/E
    (Clocked by sysclk R)
Path Group: I2R
Data required time: 3914.9
    (Clock shift: 4000.0, minus Uncertainty: 0.0, plus Latency 0.0, minus Setup time: 85.1)
Data arrival time: 228.1
Slack: 3686.8
Logic depth: 1
------------------------------------------------------------------------------------------------------------------------------------------------------------
                                                     Arrival               Arc      Net               Net    Total   fan-                                   
Path                     Module/Cell           Edge     Time    Delay    Delay    Delay     Slew     Load     Load    out     Location Power Domain      (V)
                                                        (ps)     (ps)     (ps)     (ps)     (ps)     (ff)     (ff)    (#)      (um,um)                      
------------------------------------------------------------------------------------------------------------------------------------------------------------
en                       {set_input_delay}        r    200.0    200.0    200.0                        4.8     11.3      3     0,   75                       
regA/i_0_0/A1->ZN        OR2_X4                  rr    228.1     27.4     27.4      0.0    100.0      0.3      1.2      1    69,   69  /PD_TOP        (1.10)
regA/clk_gate_out_reg/E  CLKGATETST_X2            r    228.1      0.7               0.7      5.2                             69,   69  /PD_TOP        (1.10)
------------------------------------------------------------------------------------------------------------------------------------------------------------
Report for group I2O
Report for group R2O
------------------------------------------------------------------------------------------------------------------------------------------------------------
Startpoint: regA/out_reg[4]/Q
    (Clocked by sysclk R)
Endpoint: OF
    (Clocked by sysclk R)
Path Group: R2O
Data required time: 3500.0
    (Clock shift: 4000.0, minus Uncertainty: 0.0, plus Latency 0.0, minus Out delay: 500.0)
Data arrival time: 2380.3
Slack: 1119.7
Logic depth: 38
------------------------------------------------------------------------------------------------------------------------------------------------------------
                                                     Arrival               Arc      Net               Net    Total   fan-                                   
Path                     Module/Cell           Edge     Time    Delay    Delay    Delay     Slew     Load     Load    out     Location Power Domain      (V)
                                                        (ps)     (ps)     (ps)     (ps)     (ps)     (ff)     (ff)    (#)      (um,um)                      
------------------------------------------------------------------------------------------------------------------------------------------------------------
clk                      {create_clock}           r      0.0      0.0      0.0                        0.0      0.0      3    68,  138                       
regA/clk_gate_out_reg/CK->GCK
                         CLKGATETST_X1           rr      0.0      0.0      0.0      0.0      0.0      0.0      0.0     32    69,   69  /PD_TOP        (1.10)
regA/out_reg[4]/CK->Q    DFF_X1*                 rf    117.5    117.5    117.5      0.0      0.0      1.0     34.1      3    69,   69  /PD_TOP        (1.10)
FloatingPointMultiplier_dut/i_0/i_1340/A->ZN
                         INV_X32                 fr    140.0     22.5     22.5      0.0     15.3      6.0    101.9     23    69,   69  /PD_TOP        (1.10)
FloatingPointMultiplier_dut/i_0/i_685/A2->ZN
                         NOR2_X4                 rf    150.5     10.5     10.3      0.2     12.2      0.3      3.8      1    69,   69  /PD_TOP        (1.10)
FloatingPointMultiplier_dut/i_0/i_154/B->CO
                         FA_X1                   ff    229.7     79.2     79.2      0.0      5.5      0.4      3.8      1    69,   69  /PD_TOP        (1.10)
FloatingPointMultiplier_dut/i_0/i_179/B->CO
                         FA_X1                   ff    311.5     81.8     81.8      0.0     16.2      0.4      3.1      1    69,   69  /PD_TOP        (1.10)
FloatingPointMultiplier_dut/i_0/i_199/CI->S
                         FA_X1                   ff    402.7     91.2     91.2      0.0     15.1      0.4      3.1      1    69,   69  /PD_TOP        (1.10)
FloatingPointMultiplier_dut/i_0/i_202/CI->CO
                         FA_X1                   ff    475.8     73.1     73.1      0.0     16.5      0.4      3.1      1    69,   69  /PD_TOP        (1.10)
FloatingPointMultiplier_dut/i_0/i_225/CI->CO
                         FA_X1                   ff    548.3     72.5     72.5      0.0     15.1      0.4      3.1      1    69,   69  /PD_TOP        (1.10)
FloatingPointMultiplier_dut/i_0/i_248/CI->CO
                         FA_X1                   ff    620.8     72.5     72.5      0.0     15.1      0.4      3.1      1    69,   69  /PD_TOP        (1.10)
FloatingPointMultiplier_dut/i_0/i_271/CI->CO
                         FA_X1                   ff    693.3     72.5     72.5      0.0     15.1      0.4      3.1      1    69,   69  /PD_TOP        (1.10)
FloatingPointMultiplier_dut/i_0/i_293/CI->CO
                         FA_X1                   ff    765.8     72.5     72.5      0.0     15.1      0.4      3.1      1    69,   69  /PD_TOP        (1.10)
FloatingPointMultiplier_dut/i_0/i_314/CI->S
                         FA_X1                   fr    881.4    115.6    115.6      0.0     15.1      0.4      3.1      1    69,   69  /PD_TOP        (1.10)
FloatingPointMultiplier_dut/i_0/i_315/CI->S
                         FA_X1                   rf    986.4    105.0    105.0      0.0     14.2      0.6      8.7      2    69,   69  /PD_TOP        (1.10)
FloatingPointMultiplier_dut/i_0/i_1260/A2->ZN
                         NOR2_X4*                fr   1051.1     64.7     64.7      0.0     22.6      0.5     30.2      2    69,   69  /PD_TOP        (1.10)
FloatingPointMultiplier_dut/i_0/i_1259/A->ZN
                         INV_X8                  rf   1059.4      8.3      8.3      0.0     15.3      0.6      8.9      2    69,   69  /PD_TOP        (1.10)
FloatingPointMultiplier_dut/i_0/i_1256/A3->ZN
                         NAND3_X4                fr   1078.7     19.3     19.3      0.0      4.0      0.6      6.7      2    69,   69  /PD_TOP        (1.10)
FloatingPointMultiplier_dut/i_0/i_1217/A->ZN
                         AOI21_X2                rf   1092.1     13.4     13.4      0.0     13.5      0.4      3.0      1    69,   69  /PD_TOP        (1.10)
FloatingPointMultiplier_dut/i_0/i_1215/A->ZN
                         AOI221_X2               fr   1180.9     88.8     88.8      0.0      7.2      0.8      7.1      2    69,   69  /PD_TOP        (1.10)
FloatingPointMultiplier_dut/i_0/i_1214/B2->ZN
                         OAI221_X2               rf   1224.9     44.0     44.0      0.0     58.1      0.4      4.3      1    69,   69  /PD_TOP        (1.10)
FloatingPointMultiplier_dut/i_0/i_1213/A2->ZN
                         NOR3_X4                 fr   1291.0     66.1     66.1      0.0     19.2      0.9     12.1      3    69,   69  /PD_TOP        (1.10)
FloatingPointMultiplier_dut/i_0/i_1207/A3->ZN
                         NOR3_X4                 rf   1308.3     17.3     17.3      0.0     41.6      0.3      4.2      1    69,   69  /PD_TOP        (1.10)
FloatingPointMultiplier_dut/i_0/i_1199/A4->ZN
                         NOR4_X4                 fr   1409.9    101.6    101.6      0.0      6.6      1.0     12.1      3    69,   69  /PD_TOP        (1.10)
FloatingPointMultiplier_dut/i_0/i_1193/A3->ZN
                         NOR3_X4                 rf   1427.7     17.8     17.8      0.0     61.7      0.3      4.2      1    69,   69  /PD_TOP        (1.10)
FloatingPointMultiplier_dut/i_0/i_1185/A4->ZN
                         NOR4_X4                 fr   1529.3    101.6    101.6      0.0      6.6      1.0     12.1      3    69,   69  /PD_TOP        (1.10)
FloatingPointMultiplier_dut/i_0/i_1178/A3->ZN
                         NOR3_X4                 rf   1547.1     17.8     17.8      0.0     61.7      0.3      4.2      1    69,   69  /PD_TOP        (1.10)
FloatingPointMultiplier_dut/i_0/i_1169/A4->ZN
                         NOR4_X4                 fr   1636.9     89.8     89.8      0.0      6.6      0.6      7.8      2    69,   69  /PD_TOP        (1.10)
FloatingPointMultiplier_dut/i_0/i_1168/B2->ZN
                         OAI21_X4                rf   1664.0     27.1     27.1      0.0     51.2      0.6      6.5      2    69,   69  /PD_TOP        (1.10)
FloatingPointMultiplier_dut/i_0/i_1167/A2->ZN
                         OR2_X4*                 ff   1745.9     81.9     81.9      0.0     10.3      8.5     94.5     27    69,   69  /PD_TOP        (1.10)
FloatingPointMultiplier_dut/i_1_15/B->ZN
                         XNOR2_X2                ff   1787.7     41.8     41.5      0.3     15.3      0.3      3.7      1    69,   69  /PD_TOP        (1.10)
FloatingPointMultiplier_dut/i_1_6/B->CO
                         HA_X1                   ff   1821.9     34.2     34.2      0.0     10.8      0.3      3.1      1    69,   69  /PD_TOP        (1.10)
FloatingPointMultiplier_dut/i_1_7/CI->CO
                         FA_X1                   ff   1891.6     69.7     69.7      0.0      7.4      0.4      3.1      1    69,   69  /PD_TOP        (1.10)
FloatingPointMultiplier_dut/i_1_8/CI->CO
                         FA_X1                   ff   1964.1     72.5     72.5      0.0     15.1      0.4      3.1      1    69,   69  /PD_TOP        (1.10)
FloatingPointMultiplier_dut/i_1_9/CI->CO
                         FA_X1                   ff   2036.6     72.5     72.5      0.0     15.1      0.4      3.1      1    69,   69  /PD_TOP        (1.10)
FloatingPointMultiplier_dut/i_1_10/CI->CO
                         FA_X1                   ff   2109.1     72.5     72.5      0.0     15.1      0.4      3.1      1    69,   69  /PD_TOP        (1.10)
FloatingPointMultiplier_dut/i_1_11/CI->CO
                         FA_X1                   ff   2181.6     72.5     72.5      0.0     15.1      0.4      3.1      1    69,   69  /PD_TOP        (1.10)
FloatingPointMultiplier_dut/i_1_12/CI->CO
                         FA_X1                   ff   2254.1     72.5     72.5      0.0     15.1      0.4      3.1      1    69,   69  /PD_TOP        (1.10)
FloatingPointMultiplier_dut/i_1_13/CI->CO
                         FA_X1                   ff   2327.5     73.4     73.4      0.0     15.1      0.3      3.4      1    69,   69  /PD_TOP        (1.10)
FloatingPointMultiplier_dut/i_1_18/A->ZN
                         XNOR2_X2                fr   2362.0     34.5     34.5      0.0     15.6      0.3      4.4      1    69,   69  /PD_TOP        (1.10)
FloatingPointMultiplier_dut/i_1_17/A2->ZN
                         NOR2_X4                 rf   2379.6     17.6     17.6      0.0     23.6      4.2     14.2      1    69,   69  /PD_TOP        (1.10)
OF                                                f   2380.3      0.7               0.7      7.9                              0,   64                       
------------------------------------------------------------------------------------------------------------------------------------------------------------
